<?xml version="1.0" encoding="utf-8"?><testsuites name="pytest tests"><testsuite name="pytest" errors="0" failures="0" skipped="0" tests="54" time="2.008" timestamp="2026-09-14T01:48:58.899284+03:00" hostname="Amirs-MacBook-Pro.local"><testcase classname="tests.unit.test_artifacts_and_checkpoints" name="test_checkpoint_roundtrip_is_binary_safe" time="0.016" /><testcase classname="tests.unit.test_artifacts_and_checkpoints" name="test_corrupt_object_is_rejected" time="0.006" /><testcase classname="tests.unit.test_artifacts_and_checkpoints" name="test_original_source_is_not_modified_by_restore" time="0.008" /><testcase classname="tests.unit.test_artifacts_and_checkpoints" name="test_checkpoint_omits_credentials_build_outputs_and_large_files" time="0.008" /><testcase classname="tests.unit.test_artifacts_and_checkpoints" name="test_failed_capture_retains_previous_verified_checkpoint" time="0.012" /><testcase classname="tests.unit.test_artifacts_and_checkpoints" name="test_corrupt_newest_checkpoint_falls_back_to_older_valid_one" time="0.009" /><testcase classname="tests.unit.test_artifacts_and_checkpoints" name="test_portable_bundle_is_deterministic_and_restores_after_import" time="0.026" /><testcase classname="tests.unit.test_artifacts_and_checkpoints" name="test_bundle_rejects_duplicate_or_unexpected_members" time="0.012" /><testcase classname="tests.unit.test_artifacts_and_checkpoints" name="test_bundle_rejects_corrupt_object_before_import" time="0.014" /><testcase classname="tests.unit.test_artifacts_and_checkpoints" name="test_bundle_rejects_credential_like_manifest_path" time="0.002" /><testcase classname="tests.unit.test_canonical" name="test_canonical_json_vector" time="0.001" /><testcase classname="tests.unit.test_canonical" name="test_canonical_json_rejects_float" time="0.001" /><testcase classname="tests.unit.test_controls" name="test_approval_is_hash_bound_single_use_and_rejects_replay" time="0.026" /><testcase classname="tests.unit.test_controls" name="test_expired_approval_remains_expired_after_rejection" time="0.010" /><testcase classname="tests.unit.test_controls" name="test_lease_expiry_does_not_authorize_a_competing_writer" time="0.018" /><testcase classname="tests.unit.test_controls" name="test_budget_rejects_unknown_over_cap_and_changed_replay" time="0.016" /><testcase classname="tests.unit.test_database" name="test_migration_and_event_deduplication" time="0.014" /><testcase classname="tests.unit.test_database" name="test_transaction_rolls_back" time="0.009" /><testcase classname="tests.unit.test_database" name="test_foreign_key_rejects_bad_lineage" time="0.009" /><testcase classname="tests.unit.test_paths" name="test_rejects_unsafe_relative_paths[../secret]" time="0.001" /><testcase classname="tests.unit.test_paths" name="test_rejects_unsafe_relative_paths[/absolute]" time="0.001" /><testcase classname="tests.unit.test_paths" name="test_rejects_unsafe_relative_paths[a/../b]" time="0.001" /><testcase classname="tests.unit.test_paths" name="test_rejects_unsafe_relative_paths[C:/windows]" time="0.001" /><testcase classname="tests.unit.test_paths" name="test_rejects_unsafe_relative_paths[a\\b]" time="0.001" /><testcase classname="tests.unit.test_paths" name="test_rejects_unsafe_relative_paths[x\x00y]" time="0.000" /><testcase classname="tests.unit.test_paths" name="test_rejects_symlink_escape" time="0.002" /><testcase classname="tests.unit.test_paths" name="test_rejects_case_and_unicode_collisions" time="0.002" /><testcase classname="tests.unit.test_policy" name="test_authorized_recovery" time="0.001" /><testcase classname="tests.unit.test_policy" name="test_old_writer_blocks_recovery" time="0.001" /><testcase classname="tests.unit.test_policy" name="test_stale_or_replayed_state_is_rejected" time="0.001" /><testcase classname="tests.unit.test_recovery_vertical" name="test_price_card_requires_fresh_aws_owned_source" time="0.018" /><testcase classname="tests.unit.test_run_evidence" name="test_projects_verified_receipt_into_evidence_rail" time="0.003" /><testcase classname="tests.unit.test_run_evidence" name="test_rejects_receipt_that_cannot_support_verified_claim[failed]" time="0.003" /><testcase classname="tests.unit.test_run_evidence" name="test_rejects_receipt_that_cannot_support_verified_claim[chain_of_thought]" time="0.002" /><testcase classname="tests.unit.test_run_evidence" name="test_rejects_receipt_that_cannot_support_verified_claim[wrong_run]" time="0.003" /><testcase classname="tests.unit.test_usage" name="test_usage_parser_prefers_multi_bucket_and_never_invents_missing_values" time="0.001" /><testcase classname="tests.unit.test_usage" name="test_stale_usage_becomes_unknown_for_automatic_action" time="0.001" /><testcase classname="tests.unit.test_usage" name="test_pause_advice_is_explicitly_scoped_to_managed_runs" time="0.001" /><testcase classname="tests.unit.test_usage" name="test_reader_uses_service_pinned_codex_path" time="0.001" /><testcase classname="tests.unit.test_video_render" name="test_caption_clock_formats_srt_and_vtt" time="0.001" /><testcase classname="tests.unit.test_video_render" name="test_sentence_marks_come_from_polly_timing" time="0.001" /><testcase classname="tests.unit.test_video_render" name="test_scene_duration_accepts_silent_edit_tail" time="0.001" /><testcase classname="tests.unit.test_video_render" name="test_scene_duration_rejects_truncated_narration" time="0.001" /><testcase classname="tests.unit.test_video_render" name="test_submission_scene_plan_hits_required_edit_window" time="0.001" /><testcase classname="tests.unit.test_worker_tools" name="test_patch_is_hash_bound_and_scope_bound" time="0.004" /><testcase classname="tests.unit.test_worker_tools" name="test_stale_lease_denies_every_tool" time="0.002" /><testcase classname="tests.unit.test_worker_tools" name="test_only_approved_argv_can_run" time="0.040" /><testcase classname="tests.unit.test_worker_tools" name="test_capability_token_is_not_exposed_to_model_tool_schemas" time="0.282" /><testcase classname="tests.integration.test_bridge_auth" name="test_owner_only_bridge_can_issue_one_use_pairing_url" time="0.020" /><testcase classname="tests.integration.test_local_api_security" name="test_host_origin_pairing_and_csrf" time="0.014" /><testcase classname="tests.integration.test_owned_interruption_checkpoint" name="test_owned_interruption_leaves_recoverable_checkpoint" time="0.089" /><testcase classname="tests.integration.test_run_evidence_api" name="test_authenticated_console_can_read_verified_run_receipt" time="0.012" /><testcase classname="tests.integration.test_run_evidence_api" name="test_built_console_serves_run_route_for_browser_navigation" time="0.017" /><testcase classname="tests.integration.test_verifier_environment" name="test_verifier_binds_candidate_root_without_inheriting_user_home" time="0.046" /></testsuite></testsuites>